Removed Pin From Net: NetName=Amplifier IN-Mic Pin=C4b-100n-2
Removed Pin From Net: NetName=GND Pin=C18-1
Removed Pin From Net: NetName=Comparator IN Pin=C18-2
Removed Pin From Net: NetName=Comparator IN Pin=D6-1
Removed Pin From Net: NetName=Vref Pin=PIR1-3
Removed Pin From Net: NetName=GND Pin=R9b-1M-1
Removed Pin From Net: NetName=Amplifier IN-Mic Pin=R9b-1M-2
Removed Pin From Net: NetName=Vref Pin=R19-2
Removed Pin From Net: NetName=Vref Pin=R22-2
Removed Pin From Net: NetName=+12 Pin=R24-3
Removed Pin From Net: NetName=Vref Pin=R31-2
Removed Pin From Net: NetName=Comparator IN Pin=R32-1
Removed Pin From Net: NetName=GND Pin=R32-2
Removed Pin From Net: NetName=Vref Pin=R33-2
Removed Pin From Net: NetName=GND Pin=U5-4
Removed Pin From Net: NetName=Peak detector IN Pin=U7-3
Removed Pin From Net: NetName=GND Pin=U7-4
Removed Pin From Net: NetName=+12 Pin=U7-8
Removed Pin From Net: NetName=GND Pin=U9-4
Removed Pin From Net: NetName=+12 Pin=U9-8
Removed Member From Class: ClassName=Analog Member=C4b-100n
Removed Member From Class: ClassName=Analog Member=C18
Removed Member From Class: ClassName=Analog Member=D4
Removed Member From Class: ClassName=Analog Member=D5
Removed Member From Class: ClassName=Analog Member=D6
Removed Member From Class: ClassName=Analog Member=PIR1
Removed Member From Class: ClassName=Analog Member=R9b-1M
Removed Member From Class: ClassName=Analog Member=R19
Removed Member From Class: ClassName=Analog Member=R22
Removed Member From Class: ClassName=Analog Member=R25
Removed Member From Class: ClassName=Analog Member=R27
Removed Member From Class: ClassName=Analog Member=R28
Removed Member From Class: ClassName=Analog Member=R29
Removed Member From Class: ClassName=Analog Member=R30
Removed Member From Class: ClassName=Analog Member=R31
Removed Member From Class: ClassName=Analog Member=R32
Removed Member From Class: ClassName=Analog Member=R33
Removed Member From Class: ClassName=Analog Member=R34
Removed Member From Class: ClassName=Analog Member=U7
Removed Member From Class: ClassName=Analog Member=U9
Change Component Comment : Designator=C6b-39n Old Comment=22pF New Comment=39nF
Change Component Comment : Designator=BC5-220n Old Comment=22pF New Comment=220nF
Change Component Comment : Designator=R2b Old Comment=3296W-1-103LF New Comment=
Change Component Comment : Designator=DC-Jack1 Old Comment=694106301002 New Comment=
Change Component Comment : Designator=Main Switch Old Comment=B2B-XH-A(LF)(SN) New Comment=
Change Component Comment : Designator=R10 Old Comment=CF18JT10K0 New Comment=22K
Change Component Comment : Designator=R11b-470 Old Comment=CF18JT10K0 New Comment=470
Change Component Comment : Designator=J4b-Mic Old Comment=SJ2-3574A-SMT-TR New Comment=3.5mm Jack
Change Component Designator: OldDesignator=BC5-220n NewDesignator=BC5
Change Component Designator: OldDesignator=C1 NewDesignator=PC1
Change Component Designator: OldDesignator=C2 NewDesignator=PC2
Change Component Designator: OldDesignator=C6b-39n NewDesignator=BC6
Change Component Designator: OldDesignator=C14 NewDesignator=MC14
Change Component Designator: OldDesignator=C15 NewDesignator=MC15
Change Component Designator: OldDesignator=C16 NewDesignator=MC16
Change Component Designator: OldDesignator=C17 NewDesignator=MC17
Change Component Designator: OldDesignator=J4b-Mic NewDesignator=BJ4-Mic
Change Component Designator: OldDesignator=R1 NewDesignator=PR1
Change Component Designator: OldDesignator=R2b NewDesignator=BR2
Change Component Designator: OldDesignator=R3 NewDesignator=PR3
Change Component Designator: OldDesignator=R4 NewDesignator=PR4
Change Component Designator: OldDesignator=R10 NewDesignator=PR10
Change Component Designator: OldDesignator=R11b-470 NewDesignator=BR11
Change Component Designator: OldDesignator=R26 NewDesignator=MR26
Change Component Designator: OldDesignator=U1 NewDesignator=PU1
Change Component Designator: OldDesignator=U8 NewDesignator=MU8
Added Component: Designator=C?(FP-RCE0DB-MFG)
Add component (AddParameter): Name = "Capacitance"; Value = "22pF"; VariantName = "[No Variations]"
Add component (AddParameter): Name = "Case/Package"; Value = "Radial"; VariantName = "[No Variations]"
Add component (AddParameter): Name = "Depth"; Value = "2.5mm"; VariantName = "[No Variations]"
Add component (AddParameter): Name = "Dielectric"; Value = "C0G"; VariantName = "[No Variations]"
Add component (AddParameter): Name = "Height"; Value = "3.5mm"; VariantName = "[No Variations]"
Add component (AddParameter): Name = "Height - Seated (Max)"; Value = "0.138inch"; VariantName = "[No Variations]"
Add component (AddParameter): Name = "Lead Diameter"; Value = "0.5mm"; VariantName = "[No Variations]"
Add component (AddParameter): Name = "Lead Pitch"; Value = "0.098inch"; VariantName = "[No Variations]"
Add component (AddParameter): Name = "Lead/Base Style"; Value = "Straight"; VariantName = "[No Variations]"
Add component (AddParameter): Name = "Length"; Value = "3.6mm"; VariantName = "[No Variations]"
Add component (AddParameter): Name = "Max Operating Temperature"; Value = "125°C"; VariantName = "[No Variations]"
Add component (AddParameter): Name = "Min Operating Temperature"; Value = "-55°C"; VariantName = "[No Variations]"
Add component (AddParameter): Name = "Mount"; Value = "Through Hole"; VariantName = "[No Variations]"
Add component (AddParameter): Name = "Package Quantity"; Value = "2000"; VariantName = "[No Variations]"
Add component (AddParameter): Name = "Packaging"; Value = "Tape and Reel"; VariantName = "[No Variations]"
Add component (AddParameter): Name = "Ratings"; Value = "AEC-Q200"; VariantName = "[No Variations]"
Add component (AddParameter): Name = "Resistor Type"; Value = "Ceramic"; VariantName = "[No Variations]"
Add component (AddParameter): Name = "Termination"; Value = "Radial"; VariantName = "[No Variations]"
Add component (AddParameter): Name = "Tolerance"; Value = "5%"; VariantName = "[No Variations]"
Add component (AddParameter): Name = "Voltage"; Value = "100V"; VariantName = "[No Variations]"
Add component (AddParameter): Name = "Voltage Rating"; Value = "100V"; VariantName = "[No Variations]"
Add component (AddParameter): Name = "Voltage Rating (DC)"; Value = "100V"; VariantName = "[No Variations]"
Add component (AddParameter): Name = "Width"; Value = "0.098inch"; VariantName = "[No Variations]"
Add Component: Footprint Not Found AZ9431CH12DE
Added Component: Designator=R?(FP-CF18-MFG)
Add component (AddParameter): Name = "Automotive"; Value = "No"; VariantName = "[No Variations]"
Add component (AddParameter): Name = "Category"; Value = "Res"; VariantName = "[No Variations]"
Add component (AddParameter): Name = "ComponentLink2Description"; Value = "Datasheet"; VariantName = "[No Variations]"
Add component (AddParameter): Name = "ComponentLink2URL"; Value = "http://www.seielect.com/Catalog/SEI-CF_CFM.pdf"; VariantName = "[No Variations]"
Add component (AddParameter): Name = "Composition"; Value = "Carbon Film"; VariantName = "[No Variations]"
Add component (AddParameter): Name = "Device Class L1"; Value = "Passive Components"; VariantName = "[No Variations]"
Add component (AddParameter): Name = "Device Class L2"; Value = "Resistors"; VariantName = "[No Variations]"
Add component (AddParameter): Name = "Device Class L3"; Value = "Through-Hole Resistors"; VariantName = "[No Variations]"
Add component (AddParameter): Name = "Digikey Description"; Value = "RES 10K OHM 1/8W 5% CF AXIAL"; VariantName = "[No Variations]"
Add component (AddParameter): Name = "Height"; Value = "2mm"; VariantName = "[No Variations]"
Add component (AddParameter): Name = "Ipc Land Pattern Name"; Value = "RESAD656W65L360D200"; VariantName = "[No Variations]"
Add component (AddParameter): Name = "Lead Free"; Value = "Yes"; VariantName = "[No Variations]"
Add component (AddParameter): Name = "Manufacturer"; Value = "Stackpole Electronics"; VariantName = "[No Variations]"
Add component (AddParameter): Name = "Manufacturer Part Number"; Value = "CF18JT10K0"; VariantName = "[No Variations]"
Add component (AddParameter): Name = "Octopart"; Value = "https://octopart.com/cf18jt10k0-stackpole+electronics-19205642"; VariantName = "[No Variations]"
Add component (AddParameter): Name = "Package"; Value = "CF18"; VariantName = "[No Variations]"
Add component (AddParameter): Name = "Power Rating"; Value = "0.125W"; VariantName = "[No Variations]"
Add component (AddParameter): Name = "Resistance"; Value = "10kO"; VariantName = "[No Variations]"
Add component (AddParameter): Name = "RoHS"; Value = "TRUE"; VariantName = "[No Variations]"
Add component (AddParameter): Name = "Series"; Value = "CF"; VariantName = "[No Variations]"
Add component (AddParameter): Name = "Temperature"; Value = "-55°C to +155°C"; VariantName = "[No Variations]"
Add component (AddParameter): Name = "Temperature Coefficient"; Value = "0-500ppm/°C"; VariantName = "[No Variations]"
Add component (AddParameter): Name = "Temperature Range High"; Value = "+155°C"; VariantName = "[No Variations]"
Add component (AddParameter): Name = "Temperature Range Low"; Value = "-55°C"; VariantName = "[No Variations]"
Add component (AddParameter): Name = "Tolerance"; Value = "5%"; VariantName = "[No Variations]"
Add component (AddParameter): Name = "Value"; Value = "10kO"; VariantName = "[No Variations]"
Add component (AddParameter): Name = "Voltage Rating"; Value = "250V"; VariantName = "[No Variations]"
Added Component: Designator=R?(FP-CF18-MFG)
Add component (AddParameter): Name = "Automotive"; Value = "No"; VariantName = "[No Variations]"
Add component (AddParameter): Name = "Category"; Value = "Res"; VariantName = "[No Variations]"
Add component (AddParameter): Name = "ComponentLink2Description"; Value = "Datasheet"; VariantName = "[No Variations]"
Add component (AddParameter): Name = "ComponentLink2URL"; Value = "http://www.seielect.com/Catalog/SEI-CF_CFM.pdf"; VariantName = "[No Variations]"
Add component (AddParameter): Name = "Composition"; Value = "Carbon Film"; VariantName = "[No Variations]"
Add component (AddParameter): Name = "Device Class L1"; Value = "Passive Components"; VariantName = "[No Variations]"
Add component (AddParameter): Name = "Device Class L2"; Value = "Resistors"; VariantName = "[No Variations]"
Add component (AddParameter): Name = "Device Class L3"; Value = "Through-Hole Resistors"; VariantName = "[No Variations]"
Add component (AddParameter): Name = "Digikey Description"; Value = "RES 10K OHM 1/8W 5% CF AXIAL"; VariantName = "[No Variations]"
Add component (AddParameter): Name = "Height"; Value = "2mm"; VariantName = "[No Variations]"
Add component (AddParameter): Name = "Ipc Land Pattern Name"; Value = "RESAD656W65L360D200"; VariantName = "[No Variations]"
Add component (AddParameter): Name = "Lead Free"; Value = "Yes"; VariantName = "[No Variations]"
Add component (AddParameter): Name = "Manufacturer"; Value = "Stackpole Electronics"; VariantName = "[No Variations]"
Add component (AddParameter): Name = "Manufacturer Part Number"; Value = "CF18JT10K0"; VariantName = "[No Variations]"
Add component (AddParameter): Name = "Octopart"; Value = "https://octopart.com/cf18jt10k0-stackpole+electronics-19205642"; VariantName = "[No Variations]"
Add component (AddParameter): Name = "Package"; Value = "CF18"; VariantName = "[No Variations]"
Add component (AddParameter): Name = "Power Rating"; Value = "0.125W"; VariantName = "[No Variations]"
Add component (AddParameter): Name = "Resistance"; Value = "10kO"; VariantName = "[No Variations]"
Add component (AddParameter): Name = "RoHS"; Value = "TRUE"; VariantName = "[No Variations]"
Add component (AddParameter): Name = "Series"; Value = "CF"; VariantName = "[No Variations]"
Add component (AddParameter): Name = "Temperature"; Value = "-55°C to +155°C"; VariantName = "[No Variations]"
Add component (AddParameter): Name = "Temperature Coefficient"; Value = "0-500ppm/°C"; VariantName = "[No Variations]"
Add component (AddParameter): Name = "Temperature Range High"; Value = "+155°C"; VariantName = "[No Variations]"
Add component (AddParameter): Name = "Temperature Range Low"; Value = "-55°C"; VariantName = "[No Variations]"
Add component (AddParameter): Name = "Tolerance"; Value = "5%"; VariantName = "[No Variations]"
Add component (AddParameter): Name = "Value"; Value = "10kO"; VariantName = "[No Variations]"
Add component (AddParameter): Name = "Voltage Rating"; Value = "250V"; VariantName = "[No Variations]"
Add Pin To Net: Unknown Pin: Pin K?-1
Add Pin To Net: Unknown Pin: Pin K?-2
Add Pin To Net: Unknown Pin: Pin K?-3
Add Pin To Net: Unknown Pin: Pin K?-4
Added Pin To Net: NetName=GND Pin=R?-1
Added Pin To Net: NetName=NetR24_2 Pin=R?-1
Added Pin To Net: NetName=+12 Pin=R?-2
Added Pin To Net: NetName=Amplifier IN-Mic Pin=U2b-1
Added Pin To Net: NetName=Amplifier IN-Mic Pin=U2b-2
Added Pin To Net: NetName=GND Pin=U5-3
Added Pin To Net: NetName=GND Pin=U5-5
Change Net Name : Old Net Name=NetBC5-220n_1 New Net Name=NetBC5_1
Change Net Name : Old Net Name=NetBC5-220n_2 New Net Name=NetBC5_2
Change Net Name : Old Net Name=NetC2_2 New Net Name=NetPC2_2
Change Net Name : Old Net Name=NetC6b-39n_2 New Net Name=NetBC6_2
Change Net Name : Old Net Name=NetC14_1 New Net Name=NetMC14_1
Change Net Name : Old Net Name=NetC14_2 New Net Name=NetMC14_2
Change Net Name : Old Net Name=NetC15_1 New Net Name=NetFinal Amp_2
Change Net Name : Old Net Name=NetC15_2 New Net Name=NetMC15_2
Change Net Name : Old Net Name=NetC16_1 New Net Name=NetMC16_1
Change Net Name : Old Net Name=NetC17_2 New Net Name=NetMC17_2
Change Net Name : Old Net Name=NetR3_1 New Net Name=NetPR3_1
Change Net Name : Old Net Name=NetR4_1 New Net Name=NetPR4_1
Added Pin To Net: NetName=-12 Pin=U5-4
Added Net: Name=-12
Added Pin To Net: NetName=NetC?_1 Pin=C?-1
Added Pin To Net: NetName=NetC?_1 Pin=R6b-560-1
Added Net: Name=NetC?_1
Added Pin To Net: NetName=NetC?_2 Pin=C?-2
Added Pin To Net: NetName=NetC?_2 Pin=R?-2
Added Pin To Net: NetName=NetC?_2 Pin=U2b-3
Added Pin To Net: NetName=NetC?_2 Pin=U3b-5
Added Net: Name=NetC?_2
Added Pin To Net: NetName=NetK?_5 Pin=Q1-3
Added Pin To Net: NetName=NetK?_5 Pin=R35-1
Added Net: Name=NetK?_5
Added Member To Class: ClassName=Analog Member=Component C? 22pF
Add Class Member: Failed to add class member : Component K? Relay
Added Member To Class: ClassName=Analog Member=Component R? CF18JT10K0
Added Member To Class: ClassName=Analog Member=Component R? CF18JT10K0
