Change Component Designator: Old Designator=BC5 New Designator=BC?
Change Component Designator: Old Designator=BC6 New Designator=BC?
Change Component Designator: Old Designator=BJ4-Mic New Designator=BJ?
Change Component Designator: Old Designator=BR2 New Designator=BR?
Change Component Designator: Old Designator=BR11 New Designator=BR?
Change Component Designator: Old Designator=C3b-3.9n New Designator=C?
Change Component Designator: Old Designator=C7b-39n New Designator=C?
Change Component Designator: Old Designator=C8b-3.9n New Designator=C?
Change Component Designator: Old Designator=C9 New Designator=C?
Change Component Designator: Old Designator=C10 New Designator=C?
Change Component Designator: Old Designator=C11 New Designator=C?
Change Component Designator: Old Designator=C12 New Designator=C?
Change Component Designator: Old Designator=C13 New Designator=C?
Change Component Designator: Old Designator=D1 New Designator=D?
Change Component Designator: Old Designator=D2 New Designator=D?
Change Component Designator: Old Designator=D3 New Designator=D?
Change Component Designator: Old Designator=Final Amp New Designator=Final Amp?
Change Component Designator: Old Designator=J3 New Designator=J?
Change Component Designator: Old Designator=MC14 New Designator=MC?
Change Component Designator: Old Designator=MC15 New Designator=MC?
Change Component Designator: Old Designator=MC16 New Designator=MC?
Change Component Designator: Old Designator=MC17 New Designator=MC?
Change Component Designator: Old Designator=MR26 New Designator=MR?
Change Component Designator: Old Designator=MU8 New Designator=MU?
Change Component Designator: Old Designator=Q1 New Designator=Q?
Change Component Designator: Old Designator=R5 New Designator=R?
Change Component Designator: Old Designator=R6b-560 New Designator=R?
Change Component Designator: Old Designator=R7b-13k New Designator=R?
Change Component Designator: Old Designator=R8b-13k New Designator=R?
Change Component Designator: Old Designator=R12b-22k New Designator=R?
Change Component Designator: Old Designator=R13 New Designator=R?
Change Component Designator: Old Designator=R14 New Designator=R?
Change Component Designator: Old Designator=R15 New Designator=R?
Change Component Designator: Old Designator=R16 New Designator=R?
Change Component Designator: Old Designator=R17 New Designator=R?
Change Component Designator: Old Designator=R18 New Designator=R?
Change Component Designator: Old Designator=R20 New Designator=R?
Change Component Designator: Old Designator=R21 New Designator=R?
Change Component Designator: Old Designator=R23 New Designator=R?
Change Component Designator: Old Designator=R24 New Designator=R?
Change Component Designator: Old Designator=R35 New Designator=R?
Change Component Designator: Old Designator=R36 New Designator=R?
Change Component Designator: Old Designator=R37 New Designator=R?
Change Component Designator: Old Designator=R38 New Designator=R?
Change Component Designator: Old Designator=Speaker New Designator=Speaker?
Change Component Designator: Old Designator=U2b New Designator=U?
Change Component Designator: Old Designator=U2b New Designator=U?
Change Component Designator: Old Designator=U3b New Designator=U?
Change Component Designator: Old Designator=U3b New Designator=U?
Change Component Designator: Old Designator=U4 New Designator=U?
Change Component Designator: Old Designator=U5 New Designator=U?
Change Component Designator: Old Designator=U5 New Designator=U?
Change Component Designator: Old Designator=U6 New Designator=U?
Change Component Designator: Old Designator=U6 New Designator=U?
